<?xml version="1.0" encoding="UTF-8"?>
<testsuite name="org.douggschwind.games.cardgames.common.PlayerTest" tests="3" skipped="0" failures="0" errors="0" timestamp="2022-12-16T10:45:24" hostname="PC210-08" time="0.011">
  <properties/>
  <testcase name="testPlayerNotEquals" classname="org.douggschwind.games.cardgames.common.PlayerTest" time="0.009"/>
  <testcase name="testPlayerEquals" classname="org.douggschwind.games.cardgames.common.PlayerTest" time="0.001"/>
  <testcase name="testNewHand" classname="org.douggschwind.games.cardgames.common.PlayerTest" time="0.001"/>
  <system-out><![CDATA[]]></system-out>
  <system-err><![CDATA[]]></system-err>
</testsuite>
